# JRE version: OpenJDK Runtime Environment (8.0_152-b01) (build 1.8.0_152-release-1248-b01)
# Java VM: OpenJDK 64-Bit Server VM (25.152-b01 mixed mode windows-amd64 compressed oops)
Heap:
 PSYoungGen      total 93696K, used 53731K [0x00000000e0000000, 0x00000000e8500000, 0x0000000100000000)
  eden space 87552K, 54% used [0x00000000e0000000,0x00000000e2e831f8,0x00000000e5580000)
  from space 6144K, 99% used [0x00000000e7f00000,0x00000000e84f5c30,0x00000000e8500000)
  to   space 9216K, 0% used [0x00000000e7300000,0x00000000e7300000,0x00000000e7c00000)
 ParOldGen       total 39936K, used 12944K [0x00000000a0000000, 0x00000000a2700000, 0x00000000e0000000)
  object space 39936K, 32% used [0x00000000a0000000,0x00000000a0ca4110,0x00000000a2700000)
 Metaspace       used 29653K, capacity 30196K, committed 30464K, reserved 1075200K
  class space    used 4130K, capacity 4334K, committed 4352K, reserved 1048576K
GC Heap History (10 events):
Event: 2.707 GC heap before
{Heap before GC invocations=5 (full 0):
 PSYoungGen      total 33280K, used 33248K [0x00000000e0000000, 0x00000000e2300000, 0x0000000100000000)
  eden space 30720K, 100% used [0x00000000e0000000,0x00000000e1e00000,0x00000000e1e00000)
  from space 2560K, 98% used [0x00000000e2080000,0x00000000e22f8020,0x00000000e2300000)
  to   space 2560K, 0% used [0x00000000e1e00000,0x00000000e1e00000,0x00000000e2080000)
 ParOldGen       total 40960K, used 1533K [0x00000000a0000000, 0x00000000a2800000, 0x00000000e0000000)
  object space 40960K, 3% used [0x00000000a0000000,0x00000000a017f6e8,0x00000000a2800000)
 Metaspace       used 13142K, capacity 13560K, committed 13824K, reserved 1060864K
  class space    used 1822K, capacity 1966K, committed 2048K, reserved 1048576K
Event: 2.721 GC heap after
Heap after GC invocations=5 (full 0):
 PSYoungGen      total 33280K, used 2528K [0x00000000e0000000, 0x00000000e4800000, 0x0000000100000000)
  eden space 30720K, 0% used [0x00000000e0000000,0x00000000e0000000,0x00000000e1e00000)
  from space 2560K, 98% used [0x00000000e1e00000,0x00000000e2078020,0x00000000e2080000)
  to   space 6144K, 0% used [0x00000000e4200000,0x00000000e4200000,0x00000000e4800000)
 ParOldGen       total 40960K, used 5635K [0x00000000a0000000, 0x00000000a2800000, 0x00000000e0000000)
  object space 40960K, 13% used [0x00000000a0000000,0x00000000a0580d78,0x00000000a2800000)
 Metaspace       used 13142K, capacity 13560K, committed 13824K, reserved 1060864K
  class space    used 1822K, capacity 1966K, committed 2048K, reserved 1048576K
}
Event: 3.565 GC heap before
{Heap before GC invocations=6 (full 0):
 PSYoungGen      total 33280K, used 33248K [0x00000000e0000000, 0x00000000e4800000, 0x0000000100000000)
  eden space 30720K, 100% used [0x00000000e0000000,0x00000000e1e00000,0x00000000e1e00000)
  from space 2560K, 98% used [0x00000000e1e00000,0x00000000e2078020,0x00000000e2080000)
  to   space 6144K, 0% used [0x00000000e4200000,0x00000000e4200000,0x00000000e4800000)
 ParOldGen       total 40960K, used 5635K [0x00000000a0000000, 0x00000000a2800000, 0x00000000e0000000)
  object space 40960K, 13% used [0x00000000a0000000,0x00000000a0580d78,0x00000000a2800000)
 Metaspace       used 15880K, capacity 16234K, committed 16512K, reserved 1062912K
  class space    used 2267K, capacity 2393K, committed 2432K, reserved 1048576K
Event: 3.583 GC heap after
Heap after GC invocations=6 (full 0):
 PSYoungGen      total 66560K, used 6129K [0x00000000e0000000, 0x00000000e4a00000, 0x0000000100000000)
  eden space 60416K, 0% used [0x00000000e0000000,0x00000000e0000000,0x00000000e3b00000)
  from space 6144K, 99% used [0x00000000e4200000,0x00000000e47fc5d0,0x00000000e4800000)
  to   space 7168K, 0% used [0x00000000e3b00000,0x00000000e3b00000,0x00000000e4200000)
 ParOldGen       total 40960K, used 5828K [0x00000000a0000000, 0x00000000a2800000, 0x00000000e0000000)
  object space 40960K, 14% used [0x00000000a0000000,0x00000000a05b10c8,0x00000000a2800000)
 Metaspace       used 15880K, capacity 16234K, committed 16512K, reserved 1062912K
  class space    used 2267K, capacity 2393K, committed 2432K, reserved 1048576K
}
Event: 6.045 GC heap before
{Heap before GC invocations=7 (full 0):
 PSYoungGen      total 66560K, used 49423K [0x00000000e0000000, 0x00000000e4a00000, 0x0000000100000000)
  eden space 60416K, 71% used [0x00000000e0000000,0x00000000e2a478f8,0x00000000e3b00000)
  from space 6144K, 99% used [0x00000000e4200000,0x00000000e47fc5d0,0x00000000e4800000)
  to   space 7168K, 0% used [0x00000000e3b00000,0x00000000e3b00000,0x00000000e4200000)
 ParOldGen       total 40960K, used 5828K [0x00000000a0000000, 0x00000000a2800000, 0x00000000e0000000)
  object space 40960K, 14% used [0x00000000a0000000,0x00000000a05b10c8,0x00000000a2800000)
 Metaspace       used 20687K, capacity 21128K, committed 21296K, reserved 1067008K
  class space    used 2910K, capacity 3091K, committed 3200K, reserved 1048576K
Event: 6.058 GC heap after
Heap after GC invocations=7 (full 0):
 PSYoungGen      total 67584K, used 7139K [0x00000000e0000000, 0x00000000e8800000, 0x0000000100000000)
  eden space 60416K, 0% used [0x00000000e0000000,0x00000000e0000000,0x00000000e3b00000)
  from space 7168K, 99% used [0x00000000e3b00000,0x00000000e41f8f50,0x00000000e4200000)
  to   space 9216K, 0% used [0x00000000e7f00000,0x00000000e7f00000,0x00000000e8800000)
 ParOldGen       total 40960K, used 7774K [0x00000000a0000000, 0x00000000a2800000, 0x00000000e0000000)
  object space 40960K, 18% used [0x00000000a0000000,0x00000000a0797b00,0x00000000a2800000)
 Metaspace       used 20687K, capacity 21128K, committed 21296K, reserved 1067008K
  class space    used 2910K, capacity 3091K, committed 3200K, reserved 1048576K
}
Event: 6.058 GC heap before
{Heap before GC invocations=8 (full 1):
 PSYoungGen      total 67584K, used 7139K [0x00000000e0000000, 0x00000000e8800000, 0x0000000100000000)
  eden space 60416K, 0% used [0x00000000e0000000,0x00000000e0000000,0x00000000e3b00000)
  from space 7168K, 99% used [0x00000000e3b00000,0x00000000e41f8f50,0x00000000e4200000)
  to   space 9216K, 0% used [0x00000000e7f00000,0x00000000e7f00000,0x00000000e8800000)
 ParOldGen       total 40960K, used 7774K [0x00000000a0000000, 0x00000000a2800000, 0x00000000e0000000)
  object space 40960K, 18% used [0x00000000a0000000,0x00000000a0797b00,0x00000000a2800000)
 Metaspace       used 20687K, capacity 21128K, committed 21296K, reserved 1067008K
  class space    used 2910K, capacity 3091K, committed 3200K, reserved 1048576K
Event: 6.140 GC heap after
Heap after GC invocations=8 (full 1):
 PSYoungGen      total 67584K, used 0K [0x00000000e0000000, 0x00000000e8800000, 0x0000000100000000)
  eden space 60416K, 0% used [0x00000000e0000000,0x00000000e0000000,0x00000000e3b00000)
  from space 7168K, 0% used [0x00000000e3b00000,0x00000000e3b00000,0x00000000e4200000)
  to   space 9216K, 0% used [0x00000000e7f00000,0x00000000e7f00000,0x00000000e8800000)
 ParOldGen       total 39936K, used 12936K [0x00000000a0000000, 0x00000000a2700000, 0x00000000e0000000)
  object space 39936K, 32% used [0x00000000a0000000,0x00000000a0ca2110,0x00000000a2700000)
 Metaspace       used 20687K, capacity 21128K, committed 21296K, reserved 1067008K
  class space    used 2910K, capacity 3091K, committed 3200K, reserved 1048576K
}
Event: 7.527 GC heap before
{Heap before GC invocations=9 (full 1):
 PSYoungGen      total 67584K, used 60416K [0x00000000e0000000, 0x00000000e8800000, 0x0000000100000000)
  eden space 60416K, 100% used [0x00000000e0000000,0x00000000e3b00000,0x00000000e3b00000)
  from space 7168K, 0% used [0x00000000e3b00000,0x00000000e3b00000,0x00000000e4200000)
  to   space 9216K, 0% used [0x00000000e7f00000,0x00000000e7f00000,0x00000000e8800000)
 ParOldGen       total 39936K, used 12936K [0x00000000a0000000, 0x00000000a2700000, 0x00000000e0000000)
  object space 39936K, 32% used [0x00000000a0000000,0x00000000a0ca2110,0x00000000a2700000)
 Metaspace       used 26418K, capacity 26930K, committed 27264K, reserved 1073152K
  class space    used 3687K, capacity 3870K, committed 3968K, reserved 1048576K
Event: 7.536 GC heap after
Heap after GC invocations=9 (full 1):
 PSYoungGen      total 93696K, used 6103K [0x00000000e0000000, 0x00000000e8500000, 0x0000000100000000)
  eden space 87552K, 0% used [0x00000000e0000000,0x00000000e0000000,0x00000000e5580000)
  from space 6144K, 99% used [0x00000000e7f00000,0x00000000e84f5c30,0x00000000e8500000)
  to   space 9216K, 0% used [0x00000000e7300000,0x00000000e7300000,0x00000000e7c00000)
 ParOldGen       total 39936K, used 12944K [0x00000000a0000000, 0x00000000a2700000, 0x00000000e0000000)
  object space 39936K, 32% used [0x00000000a0000000,0x00000000a0ca4110,0x00000000a2700000)
 Metaspace       used 26418K, capacity 26930K, committed 27264K, reserved 1073152K
  class space    used 3687K, capacity 3870K, committed 3968K, reserved 1048576K
}

