# JRE version: OpenJDK Runtime Environment (8.0_152-b01) (build 1.8.0_152-release-1248-b01)
# Java VM: OpenJDK 64-Bit Server VM (25.152-b01 mixed mode windows-amd64 compressed oops)
Heap:
 PSYoungGen      total 103936K, used 92562K [0x00000000e0000000, 0x00000000e7400000, 0x0000000100000000)
  eden space 96256K, 96% used [0x00000000e0000000,0x00000000e5a64b90,0x00000000e5e00000)
  from space 7680K, 0% used [0x00000000e6600000,0x00000000e6600000,0x00000000e6d80000)
  to   space 8192K, 0% used [0x00000000e5e00000,0x00000000e5e00000,0x00000000e6600000)
 ParOldGen       total 42496K, used 14722K [0x00000000a0000000, 0x00000000a2980000, 0x00000000e0000000)
  object space 42496K, 34% used [0x00000000a0000000,0x00000000a0e60ac0,0x00000000a2980000)
 Metaspace       used 42712K, capacity 43642K, committed 43776K, reserved 1087488K
  class space    used 5814K, capacity 6116K, committed 6144K, reserved 1048576K
GC Heap History (10 events):
Event: 27.460 GC heap before
{Heap before GC invocations=12 (full 1):
 PSYoungGen      total 53248K, used 47616K [0x00000000e0000000, 0x00000000e3980000, 0x0000000100000000)
  eden space 47616K, 100% used [0x00000000e0000000,0x00000000e2e80000,0x00000000e2e80000)
  from space 5632K, 0% used [0x00000000e3400000,0x00000000e3400000,0x00000000e3980000)
  to   space 5632K, 0% used [0x00000000e2e80000,0x00000000e2e80000,0x00000000e3400000)
 ParOldGen       total 29696K, used 8128K [0x00000000a0000000, 0x00000000a1d00000, 0x00000000e0000000)
  object space 29696K, 27% used [0x00000000a0000000,0x00000000a07f0030,0x00000000a1d00000)
 Metaspace       used 25627K, capacity 26086K, committed 26368K, reserved 1071104K
  class space    used 3565K, capacity 3740K, committed 3840K, reserved 1048576K
Event: 27.469 GC heap after
Heap after GC invocations=12 (full 1):
 PSYoungGen      total 53248K, used 4959K [0x00000000e0000000, 0x00000000e4e00000, 0x0000000100000000)
  eden space 47616K, 0% used [0x00000000e0000000,0x00000000e0000000,0x00000000e2e80000)
  from space 5632K, 88% used [0x00000000e2e80000,0x00000000e3357cd8,0x00000000e3400000)
  to   space 5632K, 0% used [0x00000000e4880000,0x00000000e4880000,0x00000000e4e00000)
 ParOldGen       total 29696K, used 8136K [0x00000000a0000000, 0x00000000a1d00000, 0x00000000e0000000)
  object space 29696K, 27% used [0x00000000a0000000,0x00000000a07f2030,0x00000000a1d00000)
 Metaspace       used 25627K, capacity 26086K, committed 26368K, reserved 1071104K
  class space    used 3565K, capacity 3740K, committed 3840K, reserved 1048576K
}
Event: 29.133 GC heap before
{Heap before GC invocations=13 (full 1):
 PSYoungGen      total 53248K, used 52575K [0x00000000e0000000, 0x00000000e4e00000, 0x0000000100000000)
  eden space 47616K, 100% used [0x00000000e0000000,0x00000000e2e80000,0x00000000e2e80000)
  from space 5632K, 88% used [0x00000000e2e80000,0x00000000e3357cd8,0x00000000e3400000)
  to   space 5632K, 0% used [0x00000000e4880000,0x00000000e4880000,0x00000000e4e00000)
 ParOldGen       total 29696K, used 8136K [0x00000000a0000000, 0x00000000a1d00000, 0x00000000e0000000)
  object space 29696K, 27% used [0x00000000a0000000,0x00000000a07f2030,0x00000000a1d00000)
 Metaspace       used 28474K, capacity 28942K, committed 29056K, reserved 1075200K
  class space    used 4019K, capacity 4172K, committed 4224K, reserved 1048576K
Event: 29.151 GC heap after
Heap after GC invocations=13 (full 1):
 PSYoungGen      total 73728K, used 5173K [0x00000000e0000000, 0x00000000e4f80000, 0x0000000100000000)
  eden space 68096K, 0% used [0x00000000e0000000,0x00000000e0000000,0x00000000e4280000)
  from space 5632K, 91% used [0x00000000e4880000,0x00000000e4d8d428,0x00000000e4e00000)
  to   space 6144K, 0% used [0x00000000e4280000,0x00000000e4280000,0x00000000e4880000)
 ParOldGen       total 29696K, used 10200K [0x00000000a0000000, 0x00000000a1d00000, 0x00000000e0000000)
  object space 29696K, 34% used [0x00000000a0000000,0x00000000a09f6020,0x00000000a1d00000)
 Metaspace       used 28474K, capacity 28942K, committed 29056K, reserved 1075200K
  class space    used 4019K, capacity 4172K, committed 4224K, reserved 1048576K
}
Event: 39.197 GC heap before
{Heap before GC invocations=14 (full 1):
 PSYoungGen      total 73728K, used 73269K [0x00000000e0000000, 0x00000000e4f80000, 0x0000000100000000)
  eden space 68096K, 100% used [0x00000000e0000000,0x00000000e4280000,0x00000000e4280000)
  from space 5632K, 91% used [0x00000000e4880000,0x00000000e4d8d428,0x00000000e4e00000)
  to   space 6144K, 0% used [0x00000000e4280000,0x00000000e4280000,0x00000000e4880000)
 ParOldGen       total 29696K, used 10200K [0x00000000a0000000, 0x00000000a1d00000, 0x00000000e0000000)
  object space 29696K, 34% used [0x00000000a0000000,0x00000000a09f6020,0x00000000a1d00000)
 Metaspace       used 34566K, capacity 35252K, committed 35328K, reserved 1079296K
  class space    used 4831K, capacity 5082K, committed 5120K, reserved 1048576K
Event: 39.210 GC heap after
Heap after GC invocations=14 (full 1):
 PSYoungGen      total 74240K, used 6140K [0x00000000e0000000, 0x00000000e6d80000, 0x0000000100000000)
  eden space 68096K, 0% used [0x00000000e0000000,0x00000000e0000000,0x00000000e4280000)
  from space 6144K, 99% used [0x00000000e4280000,0x00000000e487f2f8,0x00000000e4880000)
  to   space 7680K, 0% used [0x00000000e6600000,0x00000000e6600000,0x00000000e6d80000)
 ParOldGen       total 29696K, used 13313K [0x00000000a0000000, 0x00000000a1d00000, 0x00000000e0000000)
  object space 29696K, 44% used [0x00000000a0000000,0x00000000a0d005e8,0x00000000a1d00000)
 Metaspace       used 34566K, capacity 35252K, committed 35328K, reserved 1079296K
  class space    used 4831K, capacity 5082K, committed 5120K, reserved 1048576K
}
Event: 39.359 GC heap before
{Heap before GC invocations=15 (full 1):
 PSYoungGen      total 74240K, used 8662K [0x00000000e0000000, 0x00000000e6d80000, 0x0000000100000000)
  eden space 68096K, 3% used [0x00000000e0000000,0x00000000e02766c0,0x00000000e4280000)
  from space 6144K, 99% used [0x00000000e4280000,0x00000000e487f2f8,0x00000000e4880000)
  to   space 7680K, 0% used [0x00000000e6600000,0x00000000e6600000,0x00000000e6d80000)
 ParOldGen       total 29696K, used 13313K [0x00000000a0000000, 0x00000000a1d00000, 0x00000000e0000000)
  object space 29696K, 44% used [0x00000000a0000000,0x00000000a0d005e8,0x00000000a1d00000)
 Metaspace       used 34829K, capacity 35476K, committed 35496K, reserved 1079296K
  class space    used 4869K, capacity 5114K, committed 5120K, reserved 1048576K
Event: 39.366 GC heap after
Heap after GC invocations=15 (full 1):
 PSYoungGen      total 103936K, used 352K [0x00000000e0000000, 0x00000000e7400000, 0x0000000100000000)
  eden space 96256K, 0% used [0x00000000e0000000,0x00000000e0000000,0x00000000e5e00000)
  from space 7680K, 4% used [0x00000000e6600000,0x00000000e6658000,0x00000000e6d80000)
  to   space 8192K, 0% used [0x00000000e5e00000,0x00000000e5e00000,0x00000000e6600000)
 ParOldGen       total 29696K, used 16449K [0x00000000a0000000, 0x00000000a1d00000, 0x00000000e0000000)
  object space 29696K, 55% used [0x00000000a0000000,0x00000000a1010668,0x00000000a1d00000)
 Metaspace       used 34829K, capacity 35476K, committed 35496K, reserved 1079296K
  class space    used 4869K, capacity 5114K, committed 5120K, reserved 1048576K
}
Event: 39.366 GC heap before
{Heap before GC invocations=16 (full 2):
 PSYoungGen      total 103936K, used 352K [0x00000000e0000000, 0x00000000e7400000, 0x0000000100000000)
  eden space 96256K, 0% used [0x00000000e0000000,0x00000000e0000000,0x00000000e5e00000)
  from space 7680K, 4% used [0x00000000e6600000,0x00000000e6658000,0x00000000e6d80000)
  to   space 8192K, 0% used [0x00000000e5e00000,0x00000000e5e00000,0x00000000e6600000)
 ParOldGen       total 29696K, used 16449K [0x00000000a0000000, 0x00000000a1d00000, 0x00000000e0000000)
  object space 29696K, 55% used [0x00000000a0000000,0x00000000a1010668,0x00000000a1d00000)
 Metaspace       used 34829K, capacity 35476K, committed 35496K, reserved 1079296K
  class space    used 4869K, capacity 5114K, committed 5120K, reserved 1048576K
Event: 39.448 GC heap after
Heap after GC invocations=16 (full 2):
 PSYoungGen      total 103936K, used 0K [0x00000000e0000000, 0x00000000e7400000, 0x0000000100000000)
  eden space 96256K, 0% used [0x00000000e0000000,0x00000000e0000000,0x00000000e5e00000)
  from space 7680K, 0% used [0x00000000e6600000,0x00000000e6600000,0x00000000e6d80000)
  to   space 8192K, 0% used [0x00000000e5e00000,0x00000000e5e00000,0x00000000e6600000)
 ParOldGen       total 42496K, used 14722K [0x00000000a0000000, 0x00000000a2980000, 0x00000000e0000000)
  object space 42496K, 34% used [0x00000000a0000000,0x00000000a0e60ac0,0x00000000a2980000)
 Metaspace       used 34829K, capacity 35476K, committed 35496K, reserved 1079296K
  class space    used 4869K, capacity 5114K, committed 5120K, reserved 1048576K
}

